2024-11-07 10:04:42|we|False
2024-11-07 10:05:01|we|False
2024-11-07 10:25:19|we|False
2024-11-07 10:26:31|dfg|False
2024-11-07 10:26:46|dfg|False
2024-11-07 10:30:05|jjj|False
2024-11-07 10:33:51|df|False
2024-11-07 10:36:26|пиапара|False
2024-11-07 10:36:39|пиапара|False
2024-11-07 10:41:27|ui|False
2024-11-07 10:41:57|erte|False
2024-11-07 10:42:12|erte|False
2024-11-07 10:45:27|erte|False
2024-11-07 10:47:53|dfg|False
2024-11-07 10:53:29|login11|True
2024-11-07 10:55:34|login12|True
2024-11-07 10:58:05|login11|True
2024-11-07 11:01:37|login3|True
2024-11-07 11:02:11|login5|True
2024-11-07 11:39:03|login5|True
2024-11-07 11:48:09|login3|True
2024-11-07 11:48:44|login3|True
2024-11-07 11:54:00|login3|False
2024-11-07 11:54:13|login3|True
2024-11-07 11:59:30|login3|True
2024-11-07 12:02:50|login3|True
2024-11-07 12:04:07|login3|True
2024-11-07 12:32:12|login11|True
2024-11-07 12:34:16|login11|True
2024-11-07 12:34:42|login11|True
2024-11-07 12:36:25|login11|True
2024-11-07 12:36:41|login11|True
2024-11-07 13:08:14|login3|True
2024-11-07 13:12:26|login1|True
2024-11-07 13:12:38|login3|True
2024-11-07 13:16:45|login3|True
2024-11-07 13:42:31|login5|True
2024-11-07 13:43:53|login5|True
2024-11-07 13:44:35|login5|True
2024-11-07 13:46:30|login5|True
2024-11-07 13:47:03|login5|True
2024-11-07 13:47:44|login5|True
2024-11-07 13:53:04|login1|True
2024-11-07 13:53:30|login1|True
2024-11-07 13:57:28|login1|True
2024-11-07 14:05:12|dsf|False
2024-11-07 14:06:05|dfs|False
2024-11-07 14:06:28|dfs|False
2024-11-07 14:06:46|login11|True
2024-11-07 14:07:36|login11|True
2024-11-07 14:07:55|login5|True
2024-11-07 14:09:44|login5|True
2024-11-07 14:09:54|login3|True
2024-11-07 14:10:37|login5|True
2024-11-07 14:11:02|login3|False
2024-11-07 14:11:37|login3|True
2024-11-07 14:12:23|login5|True
2024-11-07 14:13:00|login3|True
2024-11-07 14:26:59|dss|False
2024-11-07 14:27:22|login1|True
2024-11-07 14:38:01|err|False
2024-11-07 14:45:18|login5|False
2024-11-07 14:45:30|login5|True
2024-11-07 14:48:37|login3|True
2024-11-07 14:48:51|login5|True
2024-11-07 14:51:26|login3|True
2024-11-08 10:46:14|login1|True
2024-11-08 11:29:08|login5|True
2024-11-08 12:41:22|login11|True
2024-11-08 12:42:56|login11|True
2024-11-08 12:43:28|login11|True
2024-11-08 12:44:33|login11|True
2024-11-08 12:44:59|login11|False
2024-11-08 12:45:10|login11|True
2024-11-08 12:45:46|login11|True
2024-11-08 12:46:31|login11|True
2024-11-08 12:50:13|login1|True
2024-11-08 12:50:27|login1|True
2024-11-08 12:51:40|login1|True
2024-11-08 12:54:14|login1|True
2024-11-08 12:55:04|login5|True
2024-11-08 12:57:29|login1|True
2024-11-08 13:01:59|login1|True
2024-11-08 13:22:50|login11|True
2024-11-08 13:23:09|login1|True
2024-11-08 13:41:32|error|False
2024-11-08 13:42:21|login5|True
2024-11-08 13:43:33|login11|True
2024-11-08 13:55:56|login11|True
2024-11-08 13:56:52|login3|False
2024-11-08 13:57:04|login3|True
2024-11-08 13:57:15|login5|True
2024-11-08 13:58:15|login3|True
2024-11-08 13:58:34|login1|True
2024-11-08 13:59:07|error|False
2024-11-08 13:59:33|login11|True
2024-11-09 11:28:01|login11|True
2024-11-09 11:29:50|login3|True
2024-11-09 11:38:11|login5|True
2024-11-09 11:38:23|login11|True
2024-11-09 14:01:12|login11|True
2024-11-09 14:03:39|login3|True
2024-11-09 14:03:48|login5|True
2024-11-09 14:08:38|login5|True
2024-11-09 14:11:33|login3|True
2024-11-09 14:11:53|login3|True
2024-11-09 14:12:11|login3|True
2024-11-09 14:14:32|login3|True
2024-11-09 14:19:11|login11|True
2024-11-09 14:20:19|login11|True
